{
  "RSpec": {
    "coverage": {
      "/Users/admin/Documents/Deck/makers-academy/june/kirsten_airports/spec/airport_spec.rb": [
        1,
        null,
        null,
        null,
        null,
        null,
        null,
        null,
        null,
        null,
        null,
        null,
        null,
        1,
        null,
        2,
        5,
        null,
        1,
        2,
        null,
        1,
        null,
        null,
        1,
        null,
        1,
        null,
        null,
        null,
        1,
        null,
        2,
        null,
        1,
        1,
        21,
        null,
        2,
        null,
        null,
        1,
        1,
        2,
        null,
        null,
        1,
        1,
        4,
        null,
        null,
        null,
        null,
        null
      ],
      "/Users/admin/Documents/Deck/makers-academy/june/kirsten_airports/lib/airport.rb": [
        1,
        null,
        1,
        1,
        null,
        1,
        7,
        7,
        null,
        null,
        1,
        23,
        21,
        null,
        21,
        21,
        null,
        null,
        1,
        1,
        1,
        null,
        null,
        1,
        23,
        null,
        null,
        1,
        0,
        null,
        null,
        1,
        47,
        null,
        null,
        null
      ],
      "/Users/admin/Documents/Deck/makers-academy/june/kirsten_airports/lib/plane.rb": [
        1,
        null,
        1,
        null,
        null,
        1,
        7,
        null,
        null,
        null,
        null,
        null,
        null,
        null,
        1,
        2,
        null,
        null,
        1,
        1,
        null,
        null,
        null,
        1,
        null,
        1,
        null,
        null,
        null,
        null,
        null,
        null,
        1,
        1,
        null,
        null,
        null,
        null,
        null,
        null
      ],
      "/Users/admin/Documents/Deck/makers-academy/june/kirsten_airports/spec/plane_spec.rb": [
        1,
        null,
        null,
        null,
        null,
        null,
        null,
        null,
        null,
        null,
        null,
        null,
        null,
        null,
        null,
        null,
        1,
        null,
        2,
        null,
        1,
        1,
        null,
        2,
        null,
        2,
        null,
        1,
        1,
        1,
        null,
        null,
        2,
        null,
        1,
        1,
        1,
        null,
        null,
        null
      ]
    },
    "timestamp": 1434554941
  }
}
